<?xml version="1.0" encoding="UTF-8"?>
<!-- Generated by org.testng.reporters.JUnitReportReporter -->
<testsuite hostname="DESKTOP-DPCKE2Q" failures="0" tests="1" name="test.BaseClass" time="12.107" errors="0" timestamp="2025-03-12T18:36:12 IST" skipped="0">
  <testcase classname="test.BaseClass" name="b" time="12.107"/>
  <system-out/>
</testsuite> <!-- test.BaseClass -->
